CHANGELOG:

V3.1.0 - V3.0.9 (02/05/2016)
- Division module version folders for Prestashop 1.5 and 1.6

V3.1.0 (01/02/2016)
-Switch calls to API v1
-Merge of Source Latam and Prestashop
-Improve view of checkout
-Bug - Payment with two cards.

V3.1.1 (05/02/2016)
Custom Checkout Chile
Custom Checkout Colômbia
Custom Checkout Argentina

V3.1.1 (12/02/2016)
Custom Checkout Venezuela

V3.2.0 (23/03/2016)
SandBox
Customer Cards
Coupon Of Discount
Improvement - Improved loading SDK MercadoPago
BUG - Special characters in URL 
BUG - Fix sending parameters in different versions of Prestashop

V3.2.1 (18/04/2016)
Setup screen for all countries
Added option for user to print “Ticket” on historic request
Improvement MLM checkout
Update of good practices Prestashop

V3.2.2 (10/05/2016)
Correction about trackingID

V3.3.0 (27/05/2016)
Correction spanish translation
Checkout Standard Peru
Checkout Custom Peru
Mercadoenvios for Checkout Standard

V3.3.1 (04/06/2016)
Bug fix during installing


V3.3.2 (11/06/2016)
Improvement in perfomance MercadoEnvios


V3.3.3 (15/06/2016)
Bug fix URL callback checkout standard

