Date:  23.05.2018 07:14:32  | debug|  Exception:  CHECKOUT mercadopago construct  
Date:  23.05.2018 07:14:34  | debug|  Exception:  CHECKOUT mercadopago construct  
Date:  23.05.2018 07:14:35  | debug|  Exception:  CHECKOUT mercadopago construct  
Date:  23.05.2018 07:14:35  | debug|  Exception:  CHECKOUT mercadopago construct  
Date:  23.05.2018 07:14:35  | debug|  Exception:  CHECKOUT mercadopago construct  
Date:  23.05.2018 07:14:35  | debug|  Exception:  CHECKOUT mercadopago construct  
Date:  23.05.2018 07:14:36  | debug|  Exception:  CHECKOUT mercadopago construct  
Date:  23.05.2018 07:14:39  | debug|  Exception:  CHECKOUT mercadopago construct  
Date:  23.05.2018 07:14:43  | debug|  Exception:  CHECKOUT mercadopago construct  
Date:  23.05.2018 07:16:12  | debug|  Exception:  CHECKOUT mercadopago construct  
Date:  23.05.2018 07:22:53  | debug|  Exception:  CHECKOUT mercadopago construct  
Date:  23.05.2018 07:22:57  | debug|  Exception:  CHECKOUT mercadopago construct  
Date:  23.05.2018 07:23:31  | debug|  Exception:  CHECKOUT mercadopago construct  
Date:  23.05.2018 07:23:35  | access denied - 1000: the credentials are required|  Exception:  
Date:  23.05.2018 07:23:43  | debug|  Exception:  CHECKOUT mercadopago construct  
Date:  23.05.2018 07:23:46  | debug|  Exception:  CHECKOUT mercadopago construct  
Date:  23.05.2018 07:24:29  | debug|  Exception:  CHECKOUT mercadopago construct  
Date:  23.05.2018 08:43:18  | debug|  Exception:  CHECKOUT mercadopago construct  
Date:  23.05.2018 08:43:22  | debug|  Exception:  CHECKOUT mercadopago construct  
Date:  23.05.2018 08:44:59  | debug|  Exception:  CHECKOUT mercadopago construct  
Date:  23.05.2018 08:45:01  | debug|  Exception:  CHECKOUT mercadopago construct  
Date:  23.05.2018 08:45:01  | debug|  Exception:  CHECKOUT mercadopago construct  
Date:  23.05.2018 08:45:01  | debug|  Exception:  CHECKOUT mercadopago construct  
Date:  23.05.2018 08:45:01  | debug|  Exception:  CHECKOUT mercadopago construct  
Date:  23.05.2018 08:45:01  | debug|  Exception:  CHECKOUT mercadopago construct  
Date:  23.05.2018 08:45:06  | debug|  Exception:  CHECKOUT mercadopago construct  
Date:  23.05.2018 08:45:09  | debug|  Exception:  CHECKOUT mercadopago construct  
Date:  23.05.2018 08:50:30  | debug|  Exception:  CHECKOUT mercadopago construct  
Date:  23.05.2018 09:21:39  | debug|  Exception:  CHECKOUT mercadopago construct  
Date:  23.05.2018 09:21:43  | debug|  Exception:  CHECKOUT mercadopago construct  
Date:  23.05.2018 09:21:50  | debug|  Exception:  CHECKOUT mercadopago construct  
Date:  23.05.2018 09:21:58  | debug|  Exception:  CHECKOUT mercadopago construct  
Date:  23.05.2018 09:22:15  | debug|  Exception:  CHECKOUT mercadopago construct  
Date:  23.05.2018 09:22:23  | Invalid status or country not allowed|  Exception:  
Date:  24.05.2018 02:41:39  | debug|  Exception:  CHECKOUT mercadopago construct  
Date:  24.05.2018 02:41:44  | debug|  Exception:  CHECKOUT mercadopago construct  
Date:  24.05.2018 02:44:55  | debug|  Exception:  CHECKOUT mercadopago construct  
Date:  24.05.2018 02:45:15  | debug|  Exception:  CHECKOUT mercadopago construct  
Date:  24.05.2018 02:45:47  | debug|  Exception:  CHECKOUT mercadopago construct  
Date:  24.05.2018 02:45:52  | debug|  Exception:  CHECKOUT mercadopago construct  
Date:  24.05.2018 02:46:19  | debug|  Exception:  CHECKOUT mercadopago construct  
Date:  24.05.2018 02:46:39  | debug|  Exception:  CHECKOUT mercadopago construct  
Date:  24.05.2018 02:46:43  | debug|  Exception:  CHECKOUT mercadopago construct  
Date:  24.05.2018 02:48:35  | debug|  Exception:  CHECKOUT mercadopago construct  
Date:  24.05.2018 02:49:39  | debug|  Exception:  CHECKOUT mercadopago construct  
Date:  24.05.2018 02:49:39  | debug|  Exception:  CHECKOUT mercadopago construct  
Date:  24.05.2018 02:54:22  | debug|  Exception:  CHECKOUT mercadopago construct  
Date:  24.05.2018 02:54:25  | debug|  Exception:  CHECKOUT mercadopago construct  
Date:  24.05.2018 02:55:11  | debug|  Exception:  CHECKOUT mercadopago construct  
Date:  24.05.2018 02:55:17  | debug|  Exception:  CHECKOUT mercadopago construct  
Date:  24.05.2018 02:56:09  | debug|  Exception:  CHECKOUT mercadopago construct  
Date:  24.05.2018 02:56:14  | debug|  Exception:  CHECKOUT mercadopago construct  
Date:  24.05.2018 02:56:14  | debug|  Exception:  CHECKOUT mercadopago construct  
Date:  24.05.2018 02:56:18  | debug|  Exception:  CHECKOUT mercadopago construct  
Date:  24.05.2018 02:56:23  | debug|  Exception:  CHECKOUT mercadopago construct  
Date:  24.05.2018 02:56:27  | debug|  Exception:  CHECKOUT mercadopago construct  
Date:  24.05.2018 02:56:27  | debug|  Exception:  CHECKOUT mercadopago construct  
Date:  24.05.2018 02:56:32  | debug|  Exception:  CHECKOUT mercadopago construct  
Date:  24.05.2018 02:56:37  | debug|  Exception:  CHECKOUT mercadopago construct  
Date:  24.05.2018 02:56:38  | access denied - 1000: the credentials are required|  Exception:  
Date:  24.05.2018 02:58:03  | debug|  Exception:  CHECKOUT mercadopago construct  
Date:  24.05.2018 02:58:06  | debug|  Exception:  CHECKOUT mercadopago construct  
Date:  24.05.2018 02:58:10  | debug|  Exception:  CHECKOUT mercadopago construct  
Date:  24.05.2018 03:00:09  | debug|  Exception:  CHECKOUT mercadopago construct  
Date:  24.05.2018 03:00:10  | access denied - 1000: the credentials are required|  Exception:  
Date:  24.05.2018 03:01:24  | debug|  Exception:  CHECKOUT mercadopago construct  
Date:  24.05.2018 03:01:25  | access denied - 1000: the credentials are required|  Exception:  
Date:  24.05.2018 03:03:30  | debug|  Exception:  CHECKOUT mercadopago construct  
Date:  24.05.2018 03:03:32  | access denied - 1000: the credentials are required|  Exception:  
Date:  24.05.2018 03:07:54  | debug|  Exception:  CHECKOUT mercadopago construct  
Date:  24.05.2018 03:07:57  | debug|  Exception:  CHECKOUT mercadopago construct  
Date:  24.05.2018 03:07:58  | access denied - 1000: the credentials are required|  Exception:  
Date:  24.05.2018 03:08:01  | {"status":201,"response":{"collector_id":323745032,"operation_type":"regular_payment","items":[{"id":"1","picture_url":"http:\/\/localhost:8888\/prestashop_6\/1-home_default\/camisetas-de-manga-curta-desbotadas.jpg","title":"Camisetas de manga curta desbotadas","description":"Camiseta de manga curta desbotada com decote alto. Material macio e el\u00e1stico para um ajuste confort\u00e1vel. Adicione um chap\u00e9u de palha e estar\u00e1 pronta para o ver\u00e3o!","category_id":"baby","currency_id":"BRL","quantity":1,"unit_price":20.6375}],"payer":{"name":"Teste","surname":"Brasil","email":"test_user_74329012@testuser.com","date_created":"","phone":{"area_code":"-","number":"12345678|12345678"},"identification":{"type":"","number":""},"address":{"street_name":"av universit\u00e1rio - 585 - Santana ParnaibaBrazil","street_number":"-","zip_code":"06542089"}},"back_urls":{"success":"http:\/\/localhost:8888\/prestashop_6\/module\/mercadopago\/standardreturn?typeReturn=success","pending":"http:\/\/localhost:8888\/prestashop_6\/module\/mercadopago\/standardreturn?typeReturn=pending","failure":"http:\/\/localhost:8888\/prestashop_6\/module\/mercadopago\/standardreturn?typeReturn=failure"},"auto_return":"approved","payment_methods":{"excluded_payment_methods":[{"id":""}],"excluded_payment_types":[{"id":""}],"installments":12,"default_payment_method_id":null,"default_installments":null},"client_id":"963","marketplace":"NONE","marketplace_fee":0,"shipments":{"receiver_address":{"zip_code":"","street_number":null,"street_name":"","floor":"","apartment":""}},"notification_url":"http:\/\/localhost:8888\/prestashop_6\/modules\/mercadopago\/notification.php?checkout=standard&","external_reference":"6","additional_info":"","expires":false,"expiration_date_from":null,"expiration_date_to":null,"date_created":"2018-05-24T13:08:00.930-04:00","id":"323745032-a2d44095-63f0-4ed2-922a-3cff9f810af3","init_point":"https:\/\/www.mercadopago.com\/mlb\/checkout\/start?pref_id=323745032-a2d44095-63f0-4ed2-922a-3cff9f810af3","sandbox_init_point":"https:\/\/sandbox.mercadopago.com\/mlb\/checkout\/pay?pref_id=323745032-a2d44095-63f0-4ed2-922a-3cff9f810af3"}}|  Exception:  
Date:  24.05.2018 03:11:33  | debug|  Exception:  CHECKOUT mercadopago construct  
Date:  24.05.2018 03:11:38  | An ocurred error in exec transacions REST /checkout/preferences?access_token=APP_USR-2807877017829896-052413-3bba5bef2b09c3c4c511938d7565bda9-323745032-----{"external_reference":null,"items":[],"shipments":[],"auto_return":"approved","back_urls":{"success":"http:\/\/localhost:8888\/prestashop_6\/module\/mercadopago\/standardreturn?typeReturn=success","failure":"http:\/\/localhost:8888\/prestashop_6\/module\/mercadopago\/standardreturn?typeReturn=failure","pending":"http:\/\/localhost:8888\/prestashop_6\/module\/mercadopago\/standardreturn?typeReturn=pending"},"payment_methods":{"excluded_payment_methods":[],"excluded_payment_types":[],"installments":12},"notification_url":"http:\/\/localhost:8888\/prestashop_6\/modules\/mercadopago\/notification.php?checkout=standard&","payer":{"first_name":"Teste","last_name":"Brasil","email":"test_user_74329012@testuser.com","phone":{"area_code":"-","number":"12345678|12345678"},"address":{"zip_code":"06542089","street_name":"av universit\u00e1rio - 585 - Santana Parnaiba\/Brazil","street_number":"-"},"identification":{"number":"","type":""},"name":"Teste","surname":"Brasil"}}|  Exception:  items needed
Date:  24.05.2018 03:11:39  | |  Exception:  
Date:  24.05.2018 03:11:39  | {"status":400,"response":{"message":"items needed","error":"invalid_items","status":400,"cause":[]}}|  Exception:  
Date:  24.05.2018 03:11:40  | Occurred an error in payment, the id cart is |  Exception:  items needed
Date:  24.05.2018 03:11:40  | |  Exception:  
Date:  24.05.2018 03:49:00  | debug|  Exception:  CHECKOUT mercadopago construct  
Date:  24.05.2018 03:51:57  | debug|  Exception:  CHECKOUT mercadopago construct  
Date:  24.05.2018 03:52:00  | debug|  Exception:  CHECKOUT mercadopago construct  
Date:  24.05.2018 03:52:05  | debug|  Exception:  CHECKOUT mercadopago construct  
Date:  24.05.2018 03:52:09  | debug|  Exception:  CHECKOUT mercadopago construct  
Date:  24.05.2018 03:52:13  | debug|  Exception:  CHECKOUT mercadopago construct  
Date:  24.05.2018 03:52:18  | debug|  Exception:  CHECKOUT mercadopago construct  
Date:  24.05.2018 03:52:19  | access denied - 1000: the credentials are required|  Exception:  
Date:  24.05.2018 03:52:27  | debug|  Exception:  CHECKOUT mercadopago construct  
Date:  24.05.2018 03:52:31  | {"status":201,"response":{"collector_id":323745032,"operation_type":"regular_payment","items":[{"id":"1","picture_url":"http:\/\/localhost:8888\/prestashop_6\/1-home_default\/camisetas-de-manga-curta-desbotadas.jpg","title":"Camisetas de manga curta desbotadas","description":"Camiseta de manga curta desbotada com decote alto. Material macio e el\u00e1stico para um ajuste confort\u00e1vel. Adicione um chap\u00e9u de palha e estar\u00e1 pronta para o ver\u00e3o!","category_id":"baby","currency_id":"BRL","quantity":1,"unit_price":20.6375}],"payer":{"name":"Teste","surname":"Brasil","email":"test_user_74329012@testuser.com","date_created":"","phone":{"area_code":"-","number":"12345678|12345678"},"identification":{"type":"","number":""},"address":{"street_name":"av universit\u00e1rio - 585 - Santana ParnaibaBrazil","street_number":"-","zip_code":"06542089"}},"back_urls":{"success":"http:\/\/localhost:8888\/prestashop_6\/module\/mercadopago\/standardreturn?typeReturn=success","pending":"http:\/\/localhost:8888\/prestashop_6\/module\/mercadopago\/standardreturn?typeReturn=pending","failure":"http:\/\/localhost:8888\/prestashop_6\/module\/mercadopago\/standardreturn?typeReturn=failure"},"auto_return":"approved","payment_methods":{"excluded_payment_methods":[{"id":""}],"excluded_payment_types":[{"id":""}],"installments":12,"default_payment_method_id":null,"default_installments":null},"client_id":"963","marketplace":"NONE","marketplace_fee":0,"shipments":{"receiver_address":{"zip_code":"","street_number":null,"street_name":"","floor":"","apartment":""}},"notification_url":"http:\/\/localhost:8888\/prestashop_6\/modules\/mercadopago\/notification.php?checkout=standard&","external_reference":"7","additional_info":"","expires":false,"expiration_date_from":null,"expiration_date_to":null,"date_created":"2018-05-24T13:52:31.560-04:00","id":"323745032-04d75a1b-e03b-4bb5-b226-7f362a9f2909","init_point":"https:\/\/www.mercadopago.com\/mlb\/checkout\/start?pref_id=323745032-04d75a1b-e03b-4bb5-b226-7f362a9f2909","sandbox_init_point":"https:\/\/sandbox.mercadopago.com\/mlb\/checkout\/pay?pref_id=323745032-04d75a1b-e03b-4bb5-b226-7f362a9f2909"}}|  Exception:  
Date:  24.05.2018 04:39:50  | debug|  Exception:  CHECKOUT mercadopago construct  
Date:  24.05.2018 04:40:01  | debug|  Exception:  CHECKOUT mercadopago construct  
Date:  24.05.2018 04:40:04  | debug|  Exception:  CHECKOUT mercadopago construct  
Date:  24.05.2018 04:40:10  | debug|  Exception:  CHECKOUT mercadopago construct  
Date:  24.05.2018 04:41:06  | debug|  Exception:  CHECKOUT mercadopago construct  
Date:  24.05.2018 04:41:10  | debug|  Exception:  CHECKOUT mercadopago construct  
Date:  24.05.2018 04:41:26  | debug|  Exception:  CHECKOUT mercadopago construct  
Date:  24.05.2018 04:41:27  | access denied - 1000: the credentials are required|  Exception:  
Date:  24.05.2018 04:42:47  | debug|  Exception:  CHECKOUT mercadopago construct  
Date:  24.05.2018 04:42:54  | {"status":201,"response":{"collector_id":323745032,"operation_type":"regular_payment","items":[{"id":"1","picture_url":"http:\/\/localhost:8888\/prestashop_6\/1-home_default\/camisetas-de-manga-curta-desbotadas.jpg","title":"Camisetas de manga curta desbotadas","description":"Camiseta de manga curta desbotada com decote alto. Material macio e el\u00e1stico para um ajuste confort\u00e1vel. Adicione um chap\u00e9u de palha e estar\u00e1 pronta para o ver\u00e3o!","category_id":"baby","currency_id":"BRL","quantity":2,"unit_price":20.6375}],"payer":{"name":"Teste","surname":"Brasil","email":"test_user_74329012@testuser.com","date_created":"","phone":{"area_code":"-","number":"12345678|12345678"},"identification":{"type":"","number":""},"address":{"street_name":"av universit\u00e1rio - 585 - Santana ParnaibaBrazil","street_number":"-","zip_code":"06542089"}},"back_urls":{"success":"http:\/\/localhost:8888\/prestashop_6\/module\/mercadopago\/standardreturn?typeReturn=success","pending":"http:\/\/localhost:8888\/prestashop_6\/module\/mercadopago\/standardreturn?typeReturn=pending","failure":"http:\/\/localhost:8888\/prestashop_6\/module\/mercadopago\/standardreturn?typeReturn=failure"},"auto_return":"approved","payment_methods":{"excluded_payment_methods":[{"id":""}],"excluded_payment_types":[{"id":""}],"installments":12,"default_payment_method_id":null,"default_installments":null},"client_id":"963","marketplace":"NONE","marketplace_fee":0,"shipments":{"receiver_address":{"zip_code":"","street_number":null,"street_name":"","floor":"","apartment":""}},"notification_url":null,"external_reference":"7","additional_info":"","expires":false,"expiration_date_from":null,"expiration_date_to":null,"date_created":"2018-05-24T14:42:54.000-04:00","id":"323745032-8582fb51-2c62-4243-8212-d6ecc7235abb","init_point":"https:\/\/www.mercadopago.com\/mlb\/checkout\/start?pref_id=323745032-8582fb51-2c62-4243-8212-d6ecc7235abb","sandbox_init_point":"https:\/\/sandbox.mercadopago.com\/mlb\/checkout\/pay?pref_id=323745032-8582fb51-2c62-4243-8212-d6ecc7235abb"}}|  Exception:  
Date:  24.05.2018 06:20:13  | debug|  Exception:  CHECKOUT mercadopago construct standard merchant_order
Date:  24.05.2018 06:23:37  | debug|  Exception:  CHECKOUT mercadopago construct  
Date:  24.05.2018 06:26:08  | debug|  Exception:  CHECKOUT mercadopago construct standard merchant_order
Date:  24.05.2018 06:26:16  | debug|  Exception:  CHECKOUT mercadopago construct standard merchant_order
Date:  24.05.2018 06:26:17  | Occured a error during the process the update order, payments is null = 7|  Exception:  Unknown offset 0 for collection OrderPayment
Date:  24.05.2018 06:26:17  | |  Exception:  
Date:  24.05.2018 06:29:13  | debug|  Exception:  CHECKOUT mercadopago construct  
Date:  24.05.2018 06:29:19  | debug|  Exception:  CHECKOUT mercadopago construct  
Date:  24.05.2018 06:30:59  | debug|  Exception:  CHECKOUT mercadopago construct  
Date:  24.05.2018 06:31:14  | debug|  Exception:  CHECKOUT mercadopago construct  
Date:  24.05.2018 06:31:15  | debug|  Exception:  CHECKOUT mercadopago construct  
Date:  24.05.2018 06:31:23  | debug|  Exception:  CHECKOUT mercadopago construct  
Date:  24.05.2018 06:31:33  | debug|  Exception:  CHECKOUT mercadopago construct  
Date:  24.05.2018 06:31:39  | debug|  Exception:  CHECKOUT mercadopago construct  
Date:  24.05.2018 06:31:39  | debug|  Exception:  CHECKOUT mercadopago construct  
Date:  24.05.2018 06:31:40  | debug|  Exception:  CHECKOUT mercadopago construct  
Date:  24.05.2018 06:35:57  | debug|  Exception:  CHECKOUT mercadopago construct  
Date:  24.05.2018 06:36:03  | debug|  Exception:  CHECKOUT mercadopago construct  
Date:  24.05.2018 06:37:28  | debug|  Exception:  CHECKOUT mercadopago construct  
Date:  24.05.2018 06:37:35  | debug|  Exception:  CHECKOUT mercadopago construct  
Date:  24.05.2018 06:37:42  | debug|  Exception:  CHECKOUT mercadopago construct  
Date:  24.05.2018 06:38:48  | debug|  Exception:  CHECKOUT mercadopago construct  
Date:  24.05.2018 06:38:53  | debug|  Exception:  CHECKOUT mercadopago construct  
Date:  24.05.2018 06:38:54  | access denied - 1000: the credentials are required|  Exception:  
Date:  24.05.2018 06:40:17  | debug|  Exception:  CHECKOUT mercadopago construct  
Date:  24.05.2018 06:40:25  | {"status":201,"response":{"collector_id":323745032,"operation_type":"regular_payment","items":[{"id":"1","picture_url":"http:\/\/localhost:8888\/prestashop_6\/1-home_default\/camisetas-de-manga-curta-desbotadas.jpg","title":"Camisetas de manga curta desbotadas","description":"Camiseta de manga curta desbotada com decote alto. Material macio e el\u00e1stico para um ajuste confort\u00e1vel. Adicione um chap\u00e9u de palha e estar\u00e1 pronta para o ver\u00e3o!","category_id":"baby","currency_id":"BRL","quantity":2,"unit_price":20.6375}],"payer":{"name":"Teste","surname":"Brasil","email":"test_user_74329012@testuser.com","date_created":"","phone":{"area_code":"-","number":"12345678|12345678"},"identification":{"type":"","number":""},"address":{"street_name":"av universit\u00e1rio - 585 - Santana ParnaibaBrazil","street_number":"-","zip_code":"06542089"}},"back_urls":{"success":"http:\/\/localhost:8888\/prestashop_6\/module\/mercadopago\/standardreturn?typeReturn=success","pending":"http:\/\/localhost:8888\/prestashop_6\/module\/mercadopago\/standardreturn?typeReturn=pending","failure":"http:\/\/localhost:8888\/prestashop_6\/module\/mercadopago\/standardreturn?typeReturn=failure"},"auto_return":"approved","payment_methods":{"excluded_payment_methods":[{"id":""}],"excluded_payment_types":[{"id":""}],"installments":12,"default_payment_method_id":null,"default_installments":null},"client_id":"963","marketplace":"NONE","marketplace_fee":0,"shipments":{"receiver_address":{"zip_code":"","street_number":null,"street_name":"","floor":"","apartment":""}},"notification_url":null,"external_reference":"8","additional_info":"","expires":false,"expiration_date_from":null,"expiration_date_to":null,"date_created":"2018-05-24T16:40:24.977-04:00","id":"323745032-e9fe22bf-4feb-4d85-a413-927a8c6b45b3","init_point":"https:\/\/www.mercadopago.com\/mlb\/checkout\/start?pref_id=323745032-e9fe22bf-4feb-4d85-a413-927a8c6b45b3","sandbox_init_point":"https:\/\/sandbox.mercadopago.com\/mlb\/checkout\/pay?pref_id=323745032-e9fe22bf-4feb-4d85-a413-927a8c6b45b3"}}|  Exception:  
Date:  24.05.2018 06:41:02  | debug|  Exception:  CHECKOUT mercadopago construct  
Date:  24.05.2018 06:41:43  | debug|  Exception:  CHECKOUT mercadopago construct standard merchant_order
Date:  24.05.2018 06:41:50  | debug|  Exception:  CHECKOUT mercadopago construct standard merchant_order
Date:  24.05.2018 06:41:55  | debug|  Exception:  CHECKOUT mercadopago construct standard merchant_order
Date:  24.05.2018 06:42:18  | debug|  Exception:  CHECKOUT mercadopago construct  
Date:  24.05.2018 06:42:20  | debug|  Exception:  CHECKOUT mercadopago construct  
Date:  24.05.2018 06:46:42  | debug|  Exception:  CHECKOUT mercadopago construct  
Date:  24.05.2018 06:46:47  | debug|  Exception:  CHECKOUT mercadopago construct  
Date:  24.05.2018 07:00:29  | debug|  Exception:  CHECKOUT mercadopago construct  
Date:  24.05.2018 07:00:47  | debug|  Exception:  CHECKOUT mercadopago construct  
Date:  24.05.2018 07:00:51  | debug|  Exception:  CHECKOUT mercadopago construct  
Date:  24.05.2018 07:00:55  | debug|  Exception:  CHECKOUT mercadopago construct  
Date:  24.05.2018 07:00:59  | debug|  Exception:  CHECKOUT mercadopago construct  
Date:  24.05.2018 07:01:03  | access denied - 1000: the credentials are required|  Exception:  
Date:  24.05.2018 07:01:15  | debug|  Exception:  CHECKOUT mercadopago construct  
Date:  24.05.2018 07:01:28  | {"status":201,"response":{"collector_id":323745032,"operation_type":"regular_payment","items":[{"id":"1","picture_url":"http:\/\/localhost:8888\/prestashop_6\/1-home_default\/camisetas-de-manga-curta-desbotadas.jpg","title":"Camisetas de manga curta desbotadas","description":"Camiseta de manga curta desbotada com decote alto. Material macio e el\u00e1stico para um ajuste confort\u00e1vel. Adicione um chap\u00e9u de palha e estar\u00e1 pronta para o ver\u00e3o!","category_id":"baby","currency_id":"BRL","quantity":2,"unit_price":20.6375}],"payer":{"name":"Teste","surname":"Brasil","email":"test_user_74329012@testuser.com","date_created":"","phone":{"area_code":"-","number":"12345678|12345678"},"identification":{"type":"","number":""},"address":{"street_name":"av universit\u00e1rio - 585 - Santana ParnaibaBrazil","street_number":"-","zip_code":"06542089"}},"back_urls":{"success":"http:\/\/localhost:8888\/prestashop_6\/module\/mercadopago\/standardreturn?typeReturn=success","pending":"http:\/\/localhost:8888\/prestashop_6\/module\/mercadopago\/standardreturn?typeReturn=pending","failure":"http:\/\/localhost:8888\/prestashop_6\/module\/mercadopago\/standardreturn?typeReturn=failure"},"auto_return":"approved","payment_methods":{"excluded_payment_methods":[{"id":""}],"excluded_payment_types":[{"id":""}],"installments":12,"default_payment_method_id":null,"default_installments":null},"client_id":"963","marketplace":"NONE","marketplace_fee":0,"shipments":{"receiver_address":{"zip_code":"","street_number":null,"street_name":"","floor":"","apartment":""}},"notification_url":null,"external_reference":"9","additional_info":"","expires":false,"expiration_date_from":null,"expiration_date_to":null,"date_created":"2018-05-24T17:01:28.408-04:00","id":"323745032-8b9140ad-57f3-4915-9e13-3486cad4a734","init_point":"https:\/\/www.mercadopago.com\/mlb\/checkout\/start?pref_id=323745032-8b9140ad-57f3-4915-9e13-3486cad4a734","sandbox_init_point":"https:\/\/sandbox.mercadopago.com\/mlb\/checkout\/pay?pref_id=323745032-8b9140ad-57f3-4915-9e13-3486cad4a734"}}|  Exception:  
Date:  24.05.2018 07:01:52  | debug|  Exception:  CHECKOUT mercadopago construct  
Date:  24.05.2018 07:02:00  | debug|  Exception:  CHECKOUT mercadopago construct  
Date:  24.05.2018 07:03:41  | debug|  Exception:  CHECKOUT mercadopago construct standard merchant_order
Date:  24.05.2018 07:03:43  | merchant_order not found|  Exception:  
Date:  24.05.2018 07:03:44  | debug|  Exception:  CHECKOUT mercadopago construct standard merchant_order
Date:  24.05.2018 07:03:46  | merchant_order not found|  Exception:  
Date:  24.05.2018 07:08:23  | debug|  Exception:  CHECKOUT mercadopago construct standard merchant_order
Date:  24.05.2018 07:08:26  | debug|  Exception:  CHECKOUT mercadopago construct standard merchant_order
Date:  24.05.2018 07:08:28  | debug|  Exception:  CHECKOUT mercadopago construct standard merchant_order
Date:  24.05.2018 07:08:33  | debug|  Exception:  CHECKOUT mercadopago construct standard merchant_order
Date:  24.05.2018 07:08:36  | debug|  Exception:  CHECKOUT mercadopago construct standard merchant_order
Date:  24.05.2018 07:08:41  | debug|  Exception:  CHECKOUT mercadopago construct  
Date:  24.05.2018 07:08:44  | debug|  Exception:  CHECKOUT mercadopago construct  
Date:  24.05.2018 07:55:27  | debug|  Exception:  CHECKOUT mercadopago construct  
Date:  24.05.2018 07:55:34  | debug|  Exception:  CHECKOUT mercadopago construct  
Date:  24.05.2018 07:55:45  | debug|  Exception:  CHECKOUT mercadopago construct  
Date:  24.05.2018 07:55:49  | debug|  Exception:  CHECKOUT mercadopago construct  
Date:  24.05.2018 07:55:55  | debug|  Exception:  CHECKOUT mercadopago construct  
Date:  24.05.2018 07:55:56  | access denied - 1000: the credentials are required|  Exception:  
Date:  24.05.2018 07:56:00  | debug|  Exception:  CHECKOUT mercadopago construct  
Date:  24.05.2018 07:56:05  | {"status":201,"response":{"collector_id":323745032,"operation_type":"regular_payment","items":[{"id":"1","picture_url":"http:\/\/localhost:8888\/prestashop_6\/1-home_default\/camisetas-de-manga-curta-desbotadas.jpg","title":"Camisetas de manga curta desbotadas","description":"Camiseta de manga curta desbotada com decote alto. Material macio e el\u00e1stico para um ajuste confort\u00e1vel. Adicione um chap\u00e9u de palha e estar\u00e1 pronta para o ver\u00e3o!","category_id":"baby","currency_id":"BRL","quantity":1,"unit_price":20.6375}],"payer":{"name":"Teste","surname":"Brasil","email":"test_user_74329012@testuser.com","date_created":"","phone":{"area_code":"-","number":"12345678|12345678"},"identification":{"type":"","number":""},"address":{"street_name":"av universit\u00e1rio - 585 - Santana ParnaibaBrazil","street_number":"-","zip_code":"06542089"}},"back_urls":{"success":"http:\/\/localhost:8888\/prestashop_6\/module\/mercadopago\/standardreturn?typeReturn=success","pending":"http:\/\/localhost:8888\/prestashop_6\/module\/mercadopago\/standardreturn?typeReturn=pending","failure":"http:\/\/localhost:8888\/prestashop_6\/module\/mercadopago\/standardreturn?typeReturn=failure"},"auto_return":"approved","payment_methods":{"excluded_payment_methods":[{"id":""}],"excluded_payment_types":[{"id":""}],"installments":12,"default_payment_method_id":null,"default_installments":null},"client_id":"963","marketplace":"NONE","marketplace_fee":0,"shipments":{"receiver_address":{"zip_code":"","street_number":null,"street_name":"","floor":"","apartment":""}},"notification_url":null,"external_reference":"10","additional_info":"","expires":false,"expiration_date_from":null,"expiration_date_to":null,"date_created":"2018-05-24T17:56:05.096-04:00","id":"323745032-4942c31a-e9a2-4628-a0c0-80faf426a735","init_point":"https:\/\/www.mercadopago.com\/mlb\/checkout\/start?pref_id=323745032-4942c31a-e9a2-4628-a0c0-80faf426a735","sandbox_init_point":"https:\/\/sandbox.mercadopago.com\/mlb\/checkout\/pay?pref_id=323745032-4942c31a-e9a2-4628-a0c0-80faf426a735"}}|  Exception:  
Date:  24.05.2018 07:56:26  | debug|  Exception:  CHECKOUT mercadopago construct  
Date:  24.05.2018 07:57:01  | debug|  Exception:  CHECKOUT mercadopago construct  
Date:  24.05.2018 07:57:42  | debug|  Exception:  CHECKOUT mercadopago construct standard merchant_order
Date:  24.05.2018 07:57:46  | debug|  Exception:  CHECKOUT mercadopago construct standard merchant_order
Date:  24.05.2018 07:58:05  | debug|  Exception:  CHECKOUT mercadopago construct  
Date:  24.05.2018 07:58:09  | debug|  Exception:  CHECKOUT mercadopago construct  
Date:  24.05.2018 07:58:10  | Method not allowed - Method not allowed: Method not allowed|  Exception:  
Date:  24.05.2018 07:58:13  | Method not allowed - Method not allowed: Method not allowed|  Exception:  
Date:  24.05.2018 08:02:51  | debug|  Exception:  CHECKOUT mercadopago construct  
Date:  24.05.2018 08:02:57  | debug|  Exception:  CHECKOUT mercadopago construct  
Date:  24.05.2018 08:03:01  | debug|  Exception:  CHECKOUT mercadopago construct  
Date:  24.05.2018 08:03:05  | debug|  Exception:  CHECKOUT mercadopago construct  
Date:  24.05.2018 08:03:10  | debug|  Exception:  CHECKOUT mercadopago construct  
Date:  24.05.2018 08:03:11  | access denied - 1000: the credentials are required|  Exception:  
Date:  24.05.2018 08:03:15  | debug|  Exception:  CHECKOUT mercadopago construct  
Date:  24.05.2018 08:03:19  | {"status":201,"response":{"collector_id":323745032,"operation_type":"regular_payment","items":[{"id":"1","picture_url":"http:\/\/localhost:8888\/prestashop_6\/1-home_default\/camisetas-de-manga-curta-desbotadas.jpg","title":"Camisetas de manga curta desbotadas","description":"Camiseta de manga curta desbotada com decote alto. Material macio e el\u00e1stico para um ajuste confort\u00e1vel. Adicione um chap\u00e9u de palha e estar\u00e1 pronta para o ver\u00e3o!","category_id":"baby","currency_id":"BRL","quantity":1,"unit_price":20.6375}],"payer":{"name":"Teste","surname":"Brasil","email":"test_user_74329012@testuser.com","date_created":"","phone":{"area_code":"-","number":"12345678|12345678"},"identification":{"type":"","number":""},"address":{"street_name":"av universit\u00e1rio - 585 - Santana ParnaibaBrazil","street_number":"-","zip_code":"06542089"}},"back_urls":{"success":"http:\/\/localhost:8888\/prestashop_6\/module\/mercadopago\/standardreturn?typeReturn=success","pending":"http:\/\/localhost:8888\/prestashop_6\/module\/mercadopago\/standardreturn?typeReturn=pending","failure":"http:\/\/localhost:8888\/prestashop_6\/module\/mercadopago\/standardreturn?typeReturn=failure"},"auto_return":"approved","payment_methods":{"excluded_payment_methods":[{"id":""}],"excluded_payment_types":[{"id":""}],"installments":12,"default_payment_method_id":null,"default_installments":null},"client_id":"963","marketplace":"NONE","marketplace_fee":0,"shipments":{"receiver_address":{"zip_code":"","street_number":null,"street_name":"","floor":"","apartment":""}},"notification_url":null,"external_reference":"11","additional_info":"","expires":false,"expiration_date_from":null,"expiration_date_to":null,"date_created":"2018-05-24T18:03:19.331-04:00","id":"323745032-61df28b5-6818-418b-9d4a-3ebacf104d09","init_point":"https:\/\/www.mercadopago.com\/mlb\/checkout\/start?pref_id=323745032-61df28b5-6818-418b-9d4a-3ebacf104d09","sandbox_init_point":"https:\/\/sandbox.mercadopago.com\/mlb\/checkout\/pay?pref_id=323745032-61df28b5-6818-418b-9d4a-3ebacf104d09"}}|  Exception:  
Date:  24.05.2018 08:04:29  | debug|  Exception:  CHECKOUT mercadopago construct  
Date:  24.05.2018 08:04:37  | debug|  Exception:  CHECKOUT mercadopago construct standard merchant_order
Date:  24.05.2018 08:05:56  | debug|  Exception:  CHECKOUT mercadopago construct  
Date:  24.05.2018 08:06:02  | debug|  Exception:  CHECKOUT mercadopago construct  
Date:  24.05.2018 08:06:03  | debug|  Exception:  CHECKOUT mercadopago construct  
Date:  24.05.2018 08:06:05  | Method not allowed - Method not allowed: Method not allowed|  Exception:  
Date:  24.05.2018 08:06:08  | Method not allowed - Method not allowed: Method not allowed|  Exception:  
Date:  24.05.2018 08:06:49  | debug|  Exception:  CHECKOUT mercadopago construct standard merchant_order
Date:  24.05.2018 08:07:01  | debug|  Exception:  CHECKOUT mercadopago construct  
Date:  24.05.2018 08:07:48  | debug|  Exception:  CHECKOUT mercadopago construct standard merchant_order
Date:  24.05.2018 08:07:55  | debug|  Exception:  CHECKOUT mercadopago construct  
Date:  24.05.2018 08:08:13  | debug|  Exception:  CHECKOUT mercadopago construct standard merchant_order
Date:  24.05.2018 08:08:17  | debug|  Exception:  CHECKOUT mercadopago construct standard merchant_order
Date:  24.05.2018 08:08:20  | debug|  Exception:  CHECKOUT mercadopago construct  
Date:  24.05.2018 08:08:39  | debug|  Exception:  CHECKOUT mercadopago construct standard merchant_order
Date:  24.05.2018 08:08:44  | debug|  Exception:  CHECKOUT mercadopago construct  
Date:  24.05.2018 08:09:21  | debug|  Exception:  CHECKOUT mercadopago construct  
Date:  24.05.2018 08:09:24  | debug|  Exception:  CHECKOUT mercadopago construct  
Date:  24.05.2018 08:09:27  | debug|  Exception:  CHECKOUT mercadopago construct  
Date:  24.05.2018 08:09:38  | debug|  Exception:  CHECKOUT mercadopago construct  
Date:  24.05.2018 08:09:42  | debug|  Exception:  CHECKOUT mercadopago construct  
Date:  24.05.2018 08:10:05  | debug|  Exception:  CHECKOUT mercadopago construct  
Date:  24.05.2018 08:10:10  | debug|  Exception:  CHECKOUT mercadopago construct  
Date:  24.05.2018 08:10:16  | debug|  Exception:  CHECKOUT mercadopago construct  
Date:  24.05.2018 08:10:17  | access denied - 1000: the credentials are required|  Exception:  
Date:  24.05.2018 08:10:33  | debug|  Exception:  CHECKOUT mercadopago construct  
Date:  24.05.2018 08:10:38  | {"status":201,"response":{"collector_id":323745032,"operation_type":"regular_payment","items":[{"id":"1","picture_url":"http:\/\/localhost:8888\/prestashop_6\/1-home_default\/camisetas-de-manga-curta-desbotadas.jpg","title":"Camisetas de manga curta desbotadas","description":"Camiseta de manga curta desbotada com decote alto. Material macio e el\u00e1stico para um ajuste confort\u00e1vel. Adicione um chap\u00e9u de palha e estar\u00e1 pronta para o ver\u00e3o!","category_id":"baby","currency_id":"BRL","quantity":2,"unit_price":20.6375}],"payer":{"name":"Teste","surname":"Brasil","email":"test_user_74329012@testuser.com","date_created":"","phone":{"area_code":"-","number":"12345678|12345678"},"identification":{"type":"","number":""},"address":{"street_name":"av universit\u00e1rio - 585 - Santana ParnaibaBrazil","street_number":"-","zip_code":"06542089"}},"back_urls":{"success":"http:\/\/localhost:8888\/prestashop_6\/module\/mercadopago\/standardreturn?typeReturn=success","pending":"http:\/\/localhost:8888\/prestashop_6\/module\/mercadopago\/standardreturn?typeReturn=pending","failure":"http:\/\/localhost:8888\/prestashop_6\/module\/mercadopago\/standardreturn?typeReturn=failure"},"auto_return":"approved","payment_methods":{"excluded_payment_methods":[{"id":""}],"excluded_payment_types":[{"id":""}],"installments":12,"default_payment_method_id":null,"default_installments":null},"client_id":"963","marketplace":"NONE","marketplace_fee":0,"shipments":{"receiver_address":{"zip_code":"","street_number":null,"street_name":"","floor":"","apartment":""}},"notification_url":null,"external_reference":"12","additional_info":"","expires":false,"expiration_date_from":null,"expiration_date_to":null,"date_created":"2018-05-24T18:10:38.022-04:00","id":"323745032-7e9f6815-1b67-48f3-b94c-2049a31cefaf","init_point":"https:\/\/www.mercadopago.com\/mlb\/checkout\/start?pref_id=323745032-7e9f6815-1b67-48f3-b94c-2049a31cefaf","sandbox_init_point":"https:\/\/sandbox.mercadopago.com\/mlb\/checkout\/pay?pref_id=323745032-7e9f6815-1b67-48f3-b94c-2049a31cefaf"}}|  Exception:  
Date:  24.05.2018 08:11:53  | debug|  Exception:  CHECKOUT mercadopago construct standard merchant_order
Date:  24.05.2018 08:12:05  | debug|  Exception:  CHECKOUT mercadopago construct standard merchant_order
Date:  24.05.2018 08:12:10  | debug|  Exception:  CHECKOUT mercadopago construct standard merchant_order
Date:  24.05.2018 08:12:14  | debug|  Exception:  CHECKOUT mercadopago construct  
Date:  24.05.2018 08:12:16  | debug|  Exception:  CHECKOUT mercadopago construct  
Date:  24.05.2018 08:12:19  | Method not allowed - Method not allowed: Method not allowed|  Exception:  
Date:  24.05.2018 08:12:22  | Method not allowed - Method not allowed: Method not allowed|  Exception:  
Date:  24.05.2018 08:14:42  | debug|  Exception:  CHECKOUT mercadopago construct  
Date:  24.05.2018 08:14:44  | debug|  Exception:  CHECKOUT mercadopago construct  
Date:  24.05.2018 08:14:52  | debug|  Exception:  CHECKOUT mercadopago construct  
Date:  24.05.2018 08:15:13  | debug|  Exception:  CHECKOUT mercadopago construct  
Date:  24.05.2018 08:15:13  | debug|  Exception:  CHECKOUT mercadopago construct  
Date:  24.05.2018 08:15:18  | debug|  Exception:  CHECKOUT mercadopago construct  
Date:  24.05.2018 08:15:50  | debug|  Exception:  CHECKOUT mercadopago construct  
Date:  24.05.2018 08:15:59  | debug|  Exception:  CHECKOUT mercadopago construct  
Date:  24.05.2018 08:16:03  | debug|  Exception:  CHECKOUT mercadopago construct  
Date:  24.05.2018 08:16:06  | debug|  Exception:  CHECKOUT mercadopago construct  
Date:  24.05.2018 08:16:10  | debug|  Exception:  CHECKOUT mercadopago construct  
Date:  24.05.2018 08:16:14  | access denied - 1000: the credentials are required|  Exception:  
Date:  24.05.2018 08:19:27  | debug|  Exception:  CHECKOUT mercadopago construct  
Date:  24.05.2018 08:19:34  | {"status":201,"response":{"collector_id":323745032,"operation_type":"regular_payment","items":[{"id":"1","picture_url":"http:\/\/localhost:8888\/prestashop_6\/1-home_default\/camisetas-de-manga-curta-desbotadas.jpg","title":"Camisetas de manga curta desbotadas","description":"Camiseta de manga curta desbotada com decote alto. Material macio e el\u00e1stico para um ajuste confort\u00e1vel. Adicione um chap\u00e9u de palha e estar\u00e1 pronta para o ver\u00e3o!","category_id":"baby","currency_id":"BRL","quantity":1,"unit_price":20.6375}],"payer":{"name":"Teste","surname":"Brasil","email":"test_user_74329012@testuser.com","date_created":"","phone":{"area_code":"-","number":"12345678|12345678"},"identification":{"type":"","number":""},"address":{"street_name":"av universit\u00e1rio - 585 - Santana ParnaibaBrazil","street_number":"-","zip_code":"06542089"}},"back_urls":{"success":"http:\/\/localhost:8888\/prestashop_6\/module\/mercadopago\/standardreturn?typeReturn=success","pending":"http:\/\/localhost:8888\/prestashop_6\/module\/mercadopago\/standardreturn?typeReturn=pending","failure":"http:\/\/localhost:8888\/prestashop_6\/module\/mercadopago\/standardreturn?typeReturn=failure"},"auto_return":"approved","payment_methods":{"excluded_payment_methods":[{"id":""}],"excluded_payment_types":[{"id":""}],"installments":12,"default_payment_method_id":null,"default_installments":null},"client_id":"963","marketplace":"NONE","marketplace_fee":0,"shipments":{"receiver_address":{"zip_code":"","street_number":null,"street_name":"","floor":"","apartment":""}},"notification_url":null,"external_reference":"13","additional_info":"","expires":false,"expiration_date_from":null,"expiration_date_to":null,"date_created":"2018-05-24T18:19:34.479-04:00","id":"323745032-e1ab5a05-82a8-4d0e-a983-70c9b2095140","init_point":"https:\/\/www.mercadopago.com\/mlb\/checkout\/start?pref_id=323745032-e1ab5a05-82a8-4d0e-a983-70c9b2095140","sandbox_init_point":"https:\/\/sandbox.mercadopago.com\/mlb\/checkout\/pay?pref_id=323745032-e1ab5a05-82a8-4d0e-a983-70c9b2095140"}}|  Exception:  
Date:  24.05.2018 08:19:50  | debug|  Exception:  CHECKOUT mercadopago construct  
Date:  24.05.2018 08:20:08  | debug|  Exception:  CHECKOUT mercadopago construct  
Date:  24.05.2018 08:20:24  | debug|  Exception:  CHECKOUT mercadopago construct standard merchant_order
Date:  24.05.2018 08:20:32  | debug|  Exception:  CHECKOUT mercadopago construct  
Date:  24.05.2018 08:20:34  | debug|  Exception:  CHECKOUT mercadopago construct  
Date:  24.05.2018 08:20:49  | debug|  Exception:  CHECKOUT mercadopago construct standard merchant_order
Date:  24.05.2018 08:20:55  | debug|  Exception:  CHECKOUT mercadopago construct standard merchant_order
Date:  24.05.2018 08:20:55  | debug|  Exception:  CHECKOUT mercadopago construct  
Date:  24.05.2018 08:20:58  | Method not allowed - Method not allowed: Method not allowed|  Exception:  
Date:  24.05.2018 08:21:22  | debug|  Exception:  CHECKOUT mercadopago construct standard merchant_order
Date:  24.05.2018 08:21:28  | debug|  Exception:  CHECKOUT mercadopago construct standard merchant_order
Date:  24.05.2018 08:21:32  | debug|  Exception:  CHECKOUT mercadopago construct  
Date:  24.05.2018 08:26:43  | debug|  Exception:  CHECKOUT mercadopago construct  
Date:  24.05.2018 08:28:52  | debug|  Exception:  CHECKOUT mercadopago construct  
Date:  24.05.2018 08:29:41  | debug|  Exception:  CHECKOUT mercadopago construct  
Date:  24.05.2018 08:29:50  | debug|  Exception:  CHECKOUT mercadopago construct  
Date:  24.05.2018 08:30:00  | debug|  Exception:  CHECKOUT mercadopago construct  
Date:  24.05.2018 08:30:03  | access denied - 1000: the credentials are required|  Exception:  
Date:  24.05.2018 08:30:17  | debug|  Exception:  CHECKOUT mercadopago construct  
Date:  24.05.2018 08:30:22  | {"status":201,"response":{"collector_id":323745032,"operation_type":"regular_payment","items":[{"id":"1","picture_url":"http:\/\/localhost:8888\/prestashop_6\/1-home_default\/camisetas-de-manga-curta-desbotadas.jpg","title":"Camisetas de manga curta desbotadas","description":"Camiseta de manga curta desbotada com decote alto. Material macio e el\u00e1stico para um ajuste confort\u00e1vel. Adicione um chap\u00e9u de palha e estar\u00e1 pronta para o ver\u00e3o!","category_id":"baby","currency_id":"BRL","quantity":1,"unit_price":20.6375}],"payer":{"name":"Teste","surname":"Brasil","email":"test_user_74329012@testuser.com","date_created":"","phone":{"area_code":"-","number":"12345678|12345678"},"identification":{"type":"","number":""},"address":{"street_name":"av universit\u00e1rio - 585 - Santana ParnaibaBrazil","street_number":"-","zip_code":"06542089"}},"back_urls":{"success":"http:\/\/localhost:8888\/prestashop_6\/module\/mercadopago\/standardreturn?typeReturn=success","pending":"http:\/\/localhost:8888\/prestashop_6\/module\/mercadopago\/standardreturn?typeReturn=pending","failure":"http:\/\/localhost:8888\/prestashop_6\/module\/mercadopago\/standardreturn?typeReturn=failure"},"auto_return":"approved","payment_methods":{"excluded_payment_methods":[{"id":""}],"excluded_payment_types":[{"id":""}],"installments":12,"default_payment_method_id":null,"default_installments":null},"client_id":"963","marketplace":"NONE","marketplace_fee":0,"shipments":{"receiver_address":{"zip_code":"","street_number":null,"street_name":"","floor":"","apartment":""}},"notification_url":null,"external_reference":"14","additional_info":"","expires":false,"expiration_date_from":null,"expiration_date_to":null,"date_created":"2018-05-24T18:30:22.617-04:00","id":"323745032-48f93cca-a821-4025-a00d-a20aa3b7434a","init_point":"https:\/\/www.mercadopago.com\/mlb\/checkout\/start?pref_id=323745032-48f93cca-a821-4025-a00d-a20aa3b7434a","sandbox_init_point":"https:\/\/sandbox.mercadopago.com\/mlb\/checkout\/pay?pref_id=323745032-48f93cca-a821-4025-a00d-a20aa3b7434a"}}|  Exception:  
Date:  24.05.2018 08:30:52  | debug|  Exception:  CHECKOUT mercadopago construct  
Date:  24.05.2018 08:32:32  | debug|  Exception:  CHECKOUT mercadopago construct standard merchant_order
Date:  24.05.2018 08:32:38  | debug|  Exception:  CHECKOUT mercadopago construct standard merchant_order
Date:  24.05.2018 08:32:41  | debug|  Exception:  CHECKOUT mercadopago construct standard merchant_order
Date:  24.05.2018 08:32:45  | debug|  Exception:  CHECKOUT mercadopago construct standard merchant_order
Date:  24.05.2018 08:32:48  | debug|  Exception:  CHECKOUT mercadopago construct  
Date:  24.05.2018 08:32:51  | debug|  Exception:  CHECKOUT mercadopago construct  
Date:  24.05.2018 08:35:40  | debug|  Exception:  CHECKOUT mercadopago construct  
Date:  24.05.2018 08:35:42  | debug|  Exception:  CHECKOUT mercadopago construct  
Date:  24.05.2018 08:35:47  | debug|  Exception:  CHECKOUT mercadopago construct  
Date:  24.05.2018 08:35:53  | debug|  Exception:  CHECKOUT mercadopago construct  
Date:  24.05.2018 08:37:15  | debug|  Exception:  CHECKOUT mercadopago construct  
Date:  24.05.2018 08:39:37  | debug|  Exception:  CHECKOUT mercadopago construct  
Date:  24.05.2018 08:39:43  | debug|  Exception:  CHECKOUT mercadopago construct  
Date:  24.05.2018 08:39:48  | debug|  Exception:  CHECKOUT mercadopago construct  
Date:  24.05.2018 08:39:51  | debug|  Exception:  CHECKOUT mercadopago construct  
Date:  24.05.2018 08:39:56  | debug|  Exception:  CHECKOUT mercadopago construct  
Date:  24.05.2018 08:39:57  | access denied - 1000: the credentials are required|  Exception:  
Date:  24.05.2018 08:40:25  | debug|  Exception:  CHECKOUT mercadopago construct  
Date:  24.05.2018 08:40:27  | access denied - 1000: the credentials are required|  Exception:  
Date:  24.05.2018 08:48:30  | debug|  Exception:  CHECKOUT mercadopago construct  
Date:  24.05.2018 08:48:38  | debug|  Exception:  CHECKOUT mercadopago construct  
Date:  24.05.2018 08:49:14  | debug|  Exception:  CHECKOUT mercadopago construct  
Date:  24.05.2018 08:49:15  | debug|  Exception:  CHECKOUT mercadopago construct  
Date:  24.05.2018 08:49:18  | debug|  Exception:  CHECKOUT mercadopago construct  
Date:  24.05.2018 08:49:19  | debug|  Exception:  CHECKOUT mercadopago construct  
Date:  24.05.2018 08:49:25  | debug|  Exception:  CHECKOUT mercadopago construct  
Date:  24.05.2018 08:49:28  | access denied - 1000: the credentials are required|  Exception:  
Date:  24.05.2018 08:49:35  | debug|  Exception:  CHECKOUT mercadopago construct  
Date:  24.05.2018 08:49:38  | debug|  Exception:  CHECKOUT mercadopago construct  
Date:  24.05.2018 08:49:39  | debug|  Exception:  CHECKOUT mercadopago construct  
Date:  24.05.2018 08:49:42  | debug|  Exception:  CHECKOUT mercadopago construct  
Date:  24.05.2018 08:49:44  | debug|  Exception:  CHECKOUT mercadopago construct  
Date:  24.05.2018 08:49:53  | debug|  Exception:  CHECKOUT mercadopago construct  
Date:  24.05.2018 08:50:07  | debug|  Exception:  CHECKOUT mercadopago construct  
Date:  24.05.2018 08:50:20  | debug|  Exception:  CHECKOUT mercadopago construct  
Date:  24.05.2018 08:50:25  | Invalid status or country not allowed|  Exception:  
Date:  24.05.2018 08:50:32  | debug|  Exception:  CHECKOUT mercadopago construct  
Date:  24.05.2018 08:50:33  | access denied - 1000: the credentials are required|  Exception:  
Date:  24.05.2018 08:50:35  | debug|  Exception:  CHECKOUT mercadopago construct  
